<?xml version="1.0" encoding="UTF-8"?>
<!-- Generated by org.testng.reporters.JUnitReportReporter -->
<testsuite hostname="MSI" failures="0" tests="2" name="TestNGstudy.AnnotationStudy" time="0.014" errors="0" timestamp="2022-11-15T18:27:56 IST" skipped="0">
  <testcase classname="TestNGstudy.AnnotationStudy" name="myTest1" time="0.012"/>
  <system-out>
    <![CDATA[myTest1 test method is running]]>
  </system-out>
  <testcase classname="TestNGstudy.AnnotationStudy" name="myTest2" time="0.002"/>
  <system-out>
    <![CDATA[myTest2 test method is running]]>
  </system-out>
</testsuite> <!-- TestNGstudy.AnnotationStudy -->
