<?xml version="1.0" encoding="UTF-8"?>
<!-- Generated by org.testng.reporters.JUnitReportReporter -->
<testsuite hostname="MSI" failures="0" tests="1" name="verificationUsingTestNg.Assertfalse" time="0.019" errors="0" timestamp="2022-11-18T00:21:52 IST" skipped="0">
  <testcase classname="verificationUsingTestNg.Assertfalse" name="assertfalseUse" time="0.019"/>
  <system-out/>
</testsuite> <!-- verificationUsingTestNg.Assertfalse -->
