<?xml version="1.0" encoding="UTF-8"?>
<!-- Generated by org.testng.reporters.JUnitReportReporter -->
<testsuite hostname="MSI" failures="0" tests="3" name="TestNGstudy.Example1TestNG" time="11.734" errors="0" timestamp="2022-11-07T00:24:53 IST" skipped="0">
  <testcase classname="TestNGstudy.Example1TestNG" name="Redbus" time="5.126"/>
  <system-out/>
  <testcase classname="TestNGstudy.Example1TestNG" name="FacebookLogin" time="3.806"/>
  <system-out/>
  <testcase classname="TestNGstudy.Example1TestNG" name="KiteLogin" time="2.802"/>
  <system-out/>
</testsuite> <!-- TestNGstudy.Example1TestNG -->
