<?xml version="1.0" encoding="UTF-8"?>
<!-- Generated by org.testng.reporters.JUnitReportReporter -->
<testsuite hostname="MSI" failures="0" tests="2" name="TestNGstudy.MyTest" time="0.011" errors="0" timestamp="2022-11-15T11:30:05 IST" skipped="0">
  <testcase classname="TestNGstudy.MyTest" name="B" time="0.001"/>
  <system-out>
    <![CDATA[B method is running--log
B method is running--log]]>
  </system-out>
  <testcase classname="TestNGstudy.MyTest" name="A" time="0.010"/>
  <system-out>
    <![CDATA[A method is running--:log
A method is running--:log]]>
  </system-out>
</testsuite> <!-- TestNGstudy.MyTest -->
