<?xml version="1.0" encoding="UTF-8"?>
<!-- Generated by org.testng.reporters.JUnitReportReporter -->
<testsuite hostname="MSI" failures="0" tests="1" name="testNgKeywords.Testing" time="0.001" errors="0" timestamp="2022-11-16T10:05:14 IST" skipped="0">
  <testcase classname="testNgKeywords.Testing" name="B" time="0.001"/>
  <system-out>
    <![CDATA[B test case is running]]>
  </system-out>
</testsuite> <!-- testNgKeywords.Testing -->
