<?xml version="1.0" encoding="UTF-8"?>
<!-- Generated by org.testng.reporters.JUnitReportReporter -->
<testsuite hostname="MSI" failures="0" tests="1" name="verificationUsingTestNg.AssertNotEqual" time="0.019" errors="0" timestamp="2022-11-18T00:12:25 IST" skipped="0">
  <testcase classname="verificationUsingTestNg.AssertNotEqual" name="assertNotEqualsUse" time="0.019"/>
  <system-out>
    <![CDATA[a and b are not same hence tc is passed]]>
  </system-out>
</testsuite> <!-- verificationUsingTestNg.AssertNotEqual -->
