<?xml version="1.0" encoding="UTF-8"?>
<!-- Generated by org.testng.reporters.JUnitReportReporter -->
<testsuite hostname="MSI" failures="0" tests="1" name="verificationUsingTestNg.MyTC" time="18.575" errors="0" timestamp="2022-11-17T23:56:21 IST" skipped="0">
  <testcase classname="verificationUsingTestNg.MyTC" name="verifyCheckBox" time="18.575"/>
  <system-out/>
</testsuite> <!-- verificationUsingTestNg.MyTC -->
