<?xml version="1.0" encoding="UTF-8"?>
<!-- Generated by org.testng.reporters.JUnitReportReporter -->
<testsuite hostname="MSI" failures="0" tests="3" name="testNgKeywords.TimeOut" time="0.001" errors="0" timestamp="2022-11-16T10:05:14 IST" skipped="0">
  <testcase classname="testNgKeywords.TimeOut" name="A" time="0.001"/>
  <system-out>
    <![CDATA[A test case is running]]>
  </system-out>
  <testcase classname="testNgKeywords.TimeOut" name="D" time="0.000"/>
  <system-out>
    <![CDATA[D test case is running]]>
  </system-out>
  <testcase classname="testNgKeywords.TimeOut" name="C" time="0.000"/>
  <system-out>
    <![CDATA[C test case is running]]>
  </system-out>
</testsuite> <!-- testNgKeywords.TimeOut -->
