<?xml version="1.0" encoding="UTF-8"?>
<!-- Generated by org.testng.reporters.JUnitReportReporter -->
<testsuite hostname="MSI" failures="0" tests="2" name="crossBrowser.CBTesting" time="19.649" errors="0" timestamp="2022-11-21T18:41:17 IST" skipped="0">
  <testcase classname="crossBrowser.CBTesting" name="browserTest" time="8.078"/>
  <system-out/>
  <testcase classname="crossBrowser.CBTesting" name="browserTest" time="11.571"/>
  <system-out/>
</testsuite> <!-- crossBrowser.CBTesting -->
