<?xml version="1.0" encoding="UTF-8"?>
<!-- Generated by org.testng.reporters.JUnitReportReporter -->
<testsuite hostname="MSI" failures="0" tests="1" name="UpStoxPOMUsingExcel.UpstoxTestUsingTestNG" time="43.319" errors="0" timestamp="2022-11-22T09:03:08 IST" skipped="0">
  <testcase classname="UpStoxPOMUsingExcel.UpstoxTestUsingTestNG" name="validateUserId" time="43.319"/>
  <system-out>
    <![CDATA[validating username and taking screenshot]]>
  </system-out>
</testsuite> <!-- UpStoxPOMUsingExcel.UpstoxTestUsingTestNG -->
