<?xml version="1.0" encoding="UTF-8"?>
<!-- Generated by org.testng.reporters.JUnitReportReporter -->
<testsuite hostname="MSI" failures="0" tests="3" name="testNgKeywords.DependsOnMethods" time="0.015" errors="0" timestamp="2022-11-16T10:05:14 IST" skipped="0">
  <testcase classname="testNgKeywords.DependsOnMethods" name="D" time="0.002"/>
  <system-out>
    <![CDATA[D test case is running]]>
  </system-out>
  <testcase classname="testNgKeywords.DependsOnMethods" name="C" time="0.001"/>
  <system-out>
    <![CDATA[C test case is running]]>
  </system-out>
  <testcase classname="testNgKeywords.DependsOnMethods" name="B" time="0.012"/>
  <system-out>
    <![CDATA[B test case is running]]>
  </system-out>
</testsuite> <!-- testNgKeywords.DependsOnMethods -->
