<?xml version="1.0" encoding="UTF-8"?>
<!-- Generated by org.testng.reporters.JUnitReportReporter -->
<testsuite hostname="MSI" failures="0" tests="1" name="TestNGstudy.Parallel1" time="6.388" errors="0" timestamp="2022-11-17T16:33:22 IST" skipped="0">
  <testcase classname="TestNGstudy.Parallel1" name="KiteLogin" time="6.388"/>
  <system-out>
    <![CDATA[KiteLaunched]]>
  </system-out>
</testsuite> <!-- TestNGstudy.Parallel1 -->
