<?xml version="1.0" encoding="UTF-8"?>
<!-- Generated by org.testng.reporters.JUnitReportReporter -->
<testsuite hostname="MSI" failures="0" tests="3" name="testNGxml.Testing1" time="0.019" errors="0" timestamp="2022-11-16T00:20:55 IST" skipped="0">
  <testcase classname="testNGxml.Testing1" name="A" time="0.016"/>
  <system-out>
    <![CDATA[A test case is running]]>
  </system-out>
  <testcase classname="testNGxml.Testing1" name="B" time="0.002"/>
  <system-out>
    <![CDATA[B test case is running]]>
  </system-out>
  <testcase classname="testNGxml.Testing1" name="C" time="0.001"/>
  <system-out>
    <![CDATA[C test case is running]]>
  </system-out>
</testsuite> <!-- testNGxml.Testing1 -->
