<?xml version="1.0" encoding="UTF-8"?>
<!-- Generated by org.testng.reporters.JUnitReportReporter -->
<testsuite hostname="MSI" failures="0" tests="2" name="testNGxml.Testing2" time="0.003" errors="0" timestamp="2022-11-16T00:20:55 IST" skipped="0">
  <testcase classname="testNGxml.Testing2" name="I" time="0.001"/>
  <system-out>
    <![CDATA[I test case is running]]>
  </system-out>
  <testcase classname="testNGxml.Testing2" name="F" time="0.002"/>
  <system-out>
    <![CDATA[F test case is running]]>
  </system-out>
</testsuite> <!-- testNGxml.Testing2 -->
