<?xml version="1.0" encoding="UTF-8"?>
<!-- Generated by org.testng.reporters.JUnitReportReporter -->
<testsuite hostname="MSI" failures="0" tests="1" name="TestNGstudy.Parallel3" time="10.701" errors="0" timestamp="2022-11-17T16:33:22 IST" skipped="0">
  <testcase classname="TestNGstudy.Parallel3" name="KiteLogin" time="10.701"/>
  <system-out>
    <![CDATA[KiteLaunched]]>
  </system-out>
</testsuite> <!-- TestNGstudy.Parallel3 -->
