<?xml version="1.0" encoding="UTF-8"?>
<!-- Generated by org.testng.reporters.JUnitReportReporter -->
<testsuite hostname="MSI" failures="0" tests="1" name="neoStoxTestClasses.ValidateBalance" time="25.487" errors="0" timestamp="2022-12-01T23:47:57 IST" skipped="0">
  <testcase classname="neoStoxTestClasses.ValidateBalance" name="VerifyBalance" time="25.487"/>
  <system-out>
    <![CDATA[waiting for millisenconds 1000
getting actual balance Rs.5,00,000.00]]>
  </system-out>
</testsuite> <!-- neoStoxTestClasses.ValidateBalance -->
