<?xml version="1.0" encoding="UTF-8"?>
<!-- Generated by org.testng.reporters.JUnitReportReporter -->
<testsuite hostname="MSI" failures="0" tests="5" name="testNGxml.Groupseg1" time="0.004" errors="0" timestamp="2022-11-16T17:49:14 IST" skipped="1">
  <testcase classname="testNGxml.Groupseg1" name="TC2" time="0.001"/>
  <system-out>
    <![CDATA[TC2 sanity is running]]>
  </system-out>
  <testcase classname="testNGxml.Groupseg1" name="TC4" time="0.001"/>
  <system-out>
    <![CDATA[TC4 sanity is running]]>
  </system-out>
  <testcase classname="testNGxml.Groupseg1" name="TC3" time="0.001"/>
  <system-out>
    <![CDATA[TC3 regression is running]]>
  </system-out>
  <testcase classname="testNGxml.Groupseg1" name="TC1" time="0.001"/>
  <system-out>
    <![CDATA[TC1 regression is running]]>
  </system-out>
  <testcase classname="testNGxml.Groupseg1" name="TC5">
    <skipped/>
  </testcase> <!-- TC5 -->
  <system-out/>
</testsuite> <!-- testNGxml.Groupseg1 -->
