<?xml version="1.0" encoding="UTF-8"?>
<!-- Generated by org.testng.reporters.JUnitReportReporter -->
<testsuite hostname="MSI" failures="0" tests="1" name="softAssert.FireFoxTest" time="14.140" errors="0" timestamp="2022-11-21T18:19:45 IST" skipped="0">
  <testcase classname="softAssert.FireFoxTest" name="firefox" time="14.140"/>
  <system-out/>
</testsuite> <!-- softAssert.FireFoxTest -->
