<?xml version="1.0" encoding="UTF-8"?>
<!-- Generated by org.testng.reporters.JUnitReportReporter -->
<testsuite hostname="MSI" failures="0" tests="1" name="verificationUsingTestNg.AssertEquals" time="0.019" errors="0" timestamp="2022-11-18T00:06:28 IST" skipped="0">
  <testcase classname="verificationUsingTestNg.AssertEquals" name="TC1" time="0.019"/>
  <system-out/>
</testsuite> <!-- verificationUsingTestNg.AssertEquals -->
