<?xml version="1.0" encoding="UTF-8"?>
<!-- Generated by org.testng.reporters.JUnitReportReporter -->
<testsuite hostname="MSI" failures="0" tests="4" name="testNgKeywords.Enabled" time="0.001" errors="0" timestamp="2022-11-16T10:05:14 IST" skipped="2">
  <testcase classname="testNgKeywords.Enabled" name="A" time="0.001"/>
  <system-out>
    <![CDATA[A test case is running]]>
  </system-out>
  <testcase classname="testNgKeywords.Enabled" name="D" time="0.000"/>
  <system-out>
    <![CDATA[D test case is running]]>
  </system-out>
  <testcase classname="testNgKeywords.Enabled" name="B">
    <skipped/>
  </testcase> <!-- B -->
  <system-out/>
  <testcase classname="testNgKeywords.Enabled" name="C">
    <skipped/>
  </testcase> <!-- C -->
  <system-out/>
</testsuite> <!-- testNgKeywords.Enabled -->
