<?xml version="1.0" encoding="UTF-8"?>
<!-- Generated by org.testng.reporters.JUnitReportReporter -->
<testsuite hostname="MSI" failures="0" tests="5" name="testNGxml.Groupseg2" time="0.013" errors="0" timestamp="2022-11-16T17:49:14 IST" skipped="0">
  <testcase classname="testNGxml.Groupseg2" name="TC8" time="0.001"/>
  <system-out>
    <![CDATA[TC8 regression is running]]>
  </system-out>
  <testcase classname="testNGxml.Groupseg2" name="TC10" time="0.009"/>
  <system-out>
    <![CDATA[TC10 is running]]>
  </system-out>
  <testcase classname="testNGxml.Groupseg2" name="TC9" time="0.001"/>
  <system-out>
    <![CDATA[TC9 sanity is running]]>
  </system-out>
  <testcase classname="testNGxml.Groupseg2" name="TC6" time="0.001"/>
  <system-out>
    <![CDATA[TC6 regression is running]]>
  </system-out>
  <testcase classname="testNGxml.Groupseg2" name="TC7" time="0.001"/>
  <system-out>
    <![CDATA[TC7 sanity is running]]>
  </system-out>
</testsuite> <!-- testNGxml.Groupseg2 -->
